2022-11-21 21:17:05,888 INFO o.a.j.u.JMeterUtils: Setting Locale to zh_CN
2022-11-21 21:17:05,942 INFO o.a.j.JMeter: Loading user properties from: /Volumes/SanDisk/apache-jmeter-5.3/bin/user.properties
2022-11-21 21:17:05,943 INFO o.a.j.JMeter: Loading system properties from: /Volumes/SanDisk/apache-jmeter-5.3/bin/system.properties
2022-11-21 21:17:05,945 INFO o.a.j.JMeter: Copyright (c) 1998-2020 The Apache Software Foundation
2022-11-21 21:17:05,945 INFO o.a.j.JMeter: Version 5.3
2022-11-21 21:17:05,945 INFO o.a.j.JMeter: java.version=11.0.13
2022-11-21 21:17:05,945 INFO o.a.j.JMeter: java.vm.name=Java HotSpot(TM) 64-Bit Server VM
2022-11-21 21:17:05,945 INFO o.a.j.JMeter: os.name=Mac OS X
2022-11-21 21:17:05,945 INFO o.a.j.JMeter: os.arch=x86_64
2022-11-21 21:17:05,945 INFO o.a.j.JMeter: os.version=11.5
2022-11-21 21:17:05,945 INFO o.a.j.JMeter: file.encoding=UTF-8
2022-11-21 21:17:05,945 INFO o.a.j.JMeter: java.awt.headless=null
2022-11-21 21:17:05,946 INFO o.a.j.JMeter: Max memory     =1073741824
2022-11-21 21:17:05,946 INFO o.a.j.JMeter: Available Processors =8
2022-11-21 21:17:05,958 INFO o.a.j.JMeter: Default Locale=English (EN)
2022-11-21 21:17:05,958 INFO o.a.j.JMeter: JMeter  Locale=Chinese (China)
2022-11-21 21:17:05,958 INFO o.a.j.JMeter: JMeterHome=/Volumes/SanDisk/apache-jmeter-5.3
2022-11-21 21:17:05,958 INFO o.a.j.JMeter: user.dir  =/Volumes/huace/VIP课程新版/apiFw/api-fw
2022-11-21 21:17:05,958 INFO o.a.j.JMeter: PWD       =/Volumes/huace/VIP课程新版/apiFw/api-fw
2022-11-21 21:17:05,961 INFO o.a.j.JMeter: IP: 127.0.0.1 Name: MrChangFeng.local FullName: localhost
2022-11-21 21:17:06,464 INFO o.a.j.JMeter: Setting LAF to: laf:com.apple.laf.AquaLookAndFeel
2022-11-21 21:17:07,993 INFO o.a.j.JMeter: Loaded icon properties from org/apache/jmeter/images/icon.properties
2022-11-21 21:17:15,205 INFO o.j.r.JARSourceHTTP: Requesting https://jmeter-plugins.org/repo/?installID=mac_os_x-4e0d61ba631d57ff78e1b7a3bdca3637-gui
2022-11-21 21:17:20,302 INFO o.j.r.PluginManager: Plugins Status: [jpgc-graphs-basic=2.0, jpgc-functions=2.1, jpgc-casutg=2.10, jpgc-dummy=0.4, jpgc-ffw=2.0, tilln-formman=1.0, jpgc-httpraw=0.1, jpgc-sts=2.4, jpgc-fifo=0.2, jpgc-perfmon=2.1, jpgc-plugins-manager=1.7, jpgc-tst=2.5, websocket-samplers=1.2.8, jmeter-core=5.3, jmeter-ftp=5.3, jmeter-http=5.3, jmeter-jdbc=5.3, jmeter-jms=5.3, jmeter-junit=5.3, jmeter-java=5.3, jmeter-ldap=5.3, jmeter-mail=5.3, jmeter-mongodb=5.3, jmeter-native=5.3, jmeter-tcp=5.3, jmeter-components=5.3, jpgc-standard=2.0]
2022-11-21 21:17:20,304 INFO o.j.r.PluginManagerMenuItem: Plugins Manager has upgrades: [jpgc-functions, jpgc-sts, jpgc-plugins-manager]
